proguard_logs/seeds.txt
com.gluckentext.ArticleActivity
com.gluckentext.ArticleActivity: org.scaloid.common.LoggerTag tag
com.gluckentext.ArticleActivity: scala.concurrent.ExecutionContextExecutor exec
com.gluckentext.ArticleActivity: scala.collection.immutable.List words
com.gluckentext.ArticleActivity: scala.Option webView
com.gluckentext.ArticleActivity: org.scaloid.common.SActivity ctx
com.gluckentext.ArticleActivity: org.scaloid.common.Registerable onStartStop
com.gluckentext.ArticleActivity: org.scaloid.common.Registerable onCreateDestroy
com.gluckentext.ArticleActivity: scala.collection.mutable.ArrayBuffer onStartBodies
com.gluckentext.ArticleActivity: scala.collection.mutable.ArrayBuffer onResumeBodies
com.gluckentext.ArticleActivity: scala.collection.mutable.ArrayBuffer onPauseBodies
com.gluckentext.ArticleActivity: scala.collection.mutable.ArrayBuffer onStopBodies
com.gluckentext.ArticleActivity: scala.collection.mutable.ArrayBuffer onCreateBodies
com.gluckentext.ArticleActivity: scala.collection.mutable.ArrayBuffer onDestroyBodies
com.gluckentext.ArticleActivity: org.scaloid.common.LoggerTag loggerTag
com.gluckentext.ArticleActivity: org.scaloid.common.SActivity ctx()
com.gluckentext.ArticleActivity: org.scaloid.common.Registerable onStartStop()
com.gluckentext.ArticleActivity: org.scaloid.common.Registerable onCreateDestroy()
com.gluckentext.ArticleActivity: scala.collection.mutable.ArrayBuffer onStartBodies()
com.gluckentext.ArticleActivity$$anonfun$2
com.gluckentext.ArticleActivity$$anonfun$2: com.gluckentext.ArticleActivity $outer
com.gluckentext.ArticleActivity$$anonfun$2: void apply()
com.gluckentext.ArticleActivity$$anonfun$2: void apply$mcV$sp()
com.gluckentext.ArticleActivity$$anonfun$2: com.gluckentext.ArticleActivity com$gluckentext$ArticleActivity$$anonfun$$$outer()
com.gluckentext.ArticleActivity$$anonfun$2: java.lang.Object apply()
com.gluckentext.ArticleActivity$$anonfun$2: ArticleActivity$$anonfun$2(com.gluckentext.ArticleActivity)
com.gluckentext.ArticleActivity$$anonfun$2$$anonfun$apply$mcV$sp$1
com.gluckentext.ArticleActivity$$anonfun$2$$anonfun$apply$mcV$sp$1: com.gluckentext.ArticleActivity$$anonfun$2 $outer
com.gluckentext.ArticleActivity$$anonfun$2$$anonfun$apply$mcV$sp$1: java.lang.String result$1
com.gluckentext.ArticleActivity$$anonfun$2$$anonfun$apply$mcV$sp$1: void apply()
com.gluckentext.ArticleActivity$$anonfun$2$$anonfun$apply$mcV$sp$1: void apply$mcV$sp()
com.gluckentext.ArticleActivity$$anonfun$2$$anonfun$apply$mcV$sp$1: java.lang.Object apply()
com.gluckentext.ArticleActivity$$anonfun$2$$anonfun$apply$mcV$sp$1: ArticleActivity$$anonfun$2$$anonfun$apply$mcV$sp$1(com.gluckentext.ArticleActivity$$anonfun$2,java.lang.String)
com.gluckentext.ArticleActivity$$anonfun$3
com.gluckentext.ArticleActivity$$anonfun$3: com.gluckentext.ArticleActivity $outer
com.gluckentext.ArticleActivity$$anonfun$3: android.app.Activity apply()
com.gluckentext.ArticleActivity$$anonfun$3: com.gluckentext.ArticleActivity com$gluckentext$ArticleActivity$$anonfun$$$outer()
com.gluckentext.ArticleActivity$$anonfun$3: java.lang.Object apply()
com.gluckentext.ArticleActivity$$anonfun$3: ArticleActivity$$anonfun$3(com.gluckentext.ArticleActivity)
com.gluckentext.ArticleActivity$$anonfun$3$$anon$3
com.gluckentext.ArticleActivity$$anonfun$3$$anon$3: org.scaloid.common.SButton loadButton
com.gluckentext.ArticleActivity$$anonfun$3$$anon$3: org.scaloid.common.STableLayout wordsTable
com.gluckentext.ArticleActivity$$anonfun$3$$anon$3: com.gluckentext.ArticleActivity$$anonfun$3 $outer
com.gluckentext.ArticleActivity$$anonfun$3$$anon$3: org.scaloid.common.SButton loadButton()
com.gluckentext.ArticleActivity$$anonfun$3$$anon$3: org.scaloid.common.STableLayout wordsTable()
com.gluckentext.ArticleActivity$$anonfun$3$$anon$3: com.gluckentext.ArticleActivity$$anonfun$3 com$gluckentext$ArticleActivity$$anonfun$$anon$$$outer()
com.gluckentext.ArticleActivity$$anonfun$3$$anon$3: ArticleActivity$$anonfun$3$$anon$3(com.gluckentext.ArticleActivity$$anonfun$3)
...
org.scaloid.common.SZoomControls
scala.Function0
scala.Function1
scala.Function2
scala.Option
scala.Product
scala.Tuple2
scala.collection.Seq
scala.collection.SeqLike
scala.collection.SeqLike: scala.collection.Seq thisCollection()
scala.collection.SeqLike: scala.collection.Seq toCollection(java.lang.Object)
scala.collection.SeqLike: int length()
scala.collection.SeqLike: java.lang.Object apply(int)
scala.collection.SeqLike: scala.collection.parallel.Combiner parCombiner()
scala.collection.SeqLike: int lengthCompare(int)
scala.collection.SeqLike: boolean isEmpty()
scala.collection.SeqLike: int size()
scala.collection.SeqLike: int segmentLength(scala.Function1,int)
scala.collection.SeqLike: int indexWhere(scala.Function1,int)
scala.collection.SeqLike: int lastIndexWhere(scala.Function1,int)
scala.collection.SeqLike: scala.collection.Iterator permutations()
scala.collection.SeqLike: scala.collection.Iterator combinations(int)
scala.collection.SeqLike: java.lang.Object reverse()
scala.collection.SeqLike: java.lang.Object reverseMap(scala.Function1,scala.collection.generic.CanBuildFrom)
scala.collection.SeqLike: scala.collection.Iterator reverseIterator()
scala.collection.SeqLike: boolean startsWith(scala.collection.GenSeq,int)
scala.collection.SeqLike: boolean endsWith(scala.collection.GenSeq)
scala.collection.SeqLike: int indexOfSlice(scala.collection.GenSeq)
scala.collection.SeqLike: int indexOfSlice(scala.collection.GenSeq,int)
scala.collection.SeqLike: int lastIndexOfSlice(scala.collection.GenSeq)
scala.collection.SeqLike: int lastIndexOfSlice(scala.collection.GenSeq,int)
scala.collection.immutable.List
scala.collection.immutable.Map
scala.collection.immutable.Seq
scala.collection.immutable.Set
scala.collection.immutable.Vector
scala.runtime.AbstractFunction0: boolean apply$mcZ$sp()
scala.runtime.AbstractFunction0: byte apply$mcB$sp()
scala.runtime.AbstractFunction0: char apply$mcC$sp()
scala.runtime.AbstractFunction0: double apply$mcD$sp()
scala.runtime.AbstractFunction0: float apply$mcF$sp()
scala.runtime.AbstractFunction0: int apply$mcI$sp()
scala.runtime.AbstractFunction0: long apply$mcJ$sp()
scala.runtime.AbstractFunction0: short apply$mcS$sp()
scala.runtime.AbstractFunction0: void apply$mcV$sp()
scala.runtime.AbstractFunction0: java.lang.String toString()
scala.runtime.AbstractFunction0: AbstractFunction0()
scala.runtime.AbstractFunction0$mcV$sp: AbstractFunction0$mcV$sp()
scala.runtime.AbstractFunction1: boolean apply$mcZD$sp(double)
scala.runtime.AbstractFunction1: double apply$mcDD$sp(double)
scala.runtime.AbstractFunction1: float apply$mcFD$sp(double)
scala.runtime.AbstractFunction1: int apply$mcID$sp(double)
scala.runtime.AbstractFunction1: long apply$mcJD$sp(double)
scala.runtime.AbstractFunction1: void apply$mcVD$sp(double)
scala.runtime.AbstractFunction1: boolean apply$mcZF$sp(float)
scala.runtime.AbstractFunction1: double apply$mcDF$sp(float)
scala.runtime.AbstractFunction1: float apply$mcFF$sp(float)
scala.runtime.AbstractFunction1: int apply$mcIF$sp(float)
scala.runtime.AbstractFunction1: long apply$mcJF$sp(float)
scala.runtime.AbstractFunction1: void apply$mcVF$sp(float)
scala.runtime.AbstractFunction1: boolean apply$mcZI$sp(int)
scala.runtime.AbstractFunction1: double apply$mcDI$sp(int)
scala.runtime.AbstractFunction1: float apply$mcFI$sp(int)
scala.runtime.AbstractFunction1: int apply$mcII$sp(int)
scala.runtime.AbstractFunction1: long apply$mcJI$sp(int)
scala.runtime.AbstractFunction1: void apply$mcVI$sp(int)
scala.runtime.AbstractFunction1: boolean apply$mcZJ$sp(long)
scala.runtime.AbstractFunction1: double apply$mcDJ$sp(long)
scala.runtime.AbstractFunction1: float apply$mcFJ$sp(long)
scala.runtime.AbstractFunction1: int apply$mcIJ$sp(long)
scala.runtime.AbstractFunction1: long apply$mcJJ$sp(long)
scala.runtime.AbstractFunction1: void apply$mcVJ$sp(long)
scala.runtime.AbstractFunction1: scala.Function1 compose(scala.Function1)