proguard_logs/usage.txt
scala.swing.RichWindow$Undecorated
scala.swing.RichWindow$Undecorated$class
scala.swing.RichWindow$class
scala.swing.RootPanel
scala.swing.RootPanel$class
scala.swing.ScrollBar
scala.swing.ScrollBar$
scala.swing.ScrollBar$$anon$1
scala.swing.ScrollBar$$anon$2
scala.swing.ScrollPane
scala.swing.ScrollPane$
scala.swing.ScrollPane$$anon$1
scala.swing.ScrollPane$$anonfun$columnHeaderView$1
scala.swing.ScrollPane$$anonfun$columnHeaderView_$eq$1
scala.swing.ScrollPane$$anonfun$rowHeaderView$1
scala.swing.ScrollPane$$anonfun$rowHeaderView_$eq$1
scala.swing.ScrollPane$$anonfun$viewportView$1
scala.swing.ScrollPane$$anonfun$viewportView_$eq$1
scala.swing.ScrollPane$BarPolicy$
scala.swing.ScrollPane$BarPolicy$Value
scala.swing.Scrollable
scala.swing.Scrollable$
scala.swing.Scrollable$Wrapper
scala.swing.Scrollable$Wrapper$class
scala.swing.Separator
scala.swing.Separator$$anon$1
scala.swing.SequentialContainer
scala.swing.SequentialContainer$
scala.swing.SequentialContainer$Wrapper
scala.swing.SequentialContainer$Wrapper$class
scala.swing.SimpleSwingApplication
scala.swing.SingleRefCollection
scala.swing.SingleRefCollection$$anon$4
scala.swing.SingleRefCollection$Ref
scala.swing.SingleRefCollection$Ref$class
scala.swing.SingleRefCollection$class
scala.swing.Slider
scala.swing.Slider$$anon$1
scala.swing.Slider$$anon$2
scala.swing.Slider$$anonfun$labels$1
scala.swing.Slider$$anonfun$labels_$eq$1
scala.swing.Slider$$anonfun$labels_$eq$2
scala.swing.SplitPane
scala.swing.SplitPane$$anon$1
scala.swing.SplitPane$$anon$2
scala.swing.SplitPane$$anon$3
scala.swing.StrongReference
scala.swing.StrongReference$$anonfun$toString$1
scala.swing.StrongReference$$anonfun$toString$2
scala.swing.Swing
scala.swing.Swing$
scala.swing.Swing$$anon$1
scala.swing.Swing$$anon$10
scala.swing.Swing$$anon$2
scala.swing.Swing$$anon$3
scala.swing.Swing$$anon$4
scala.swing.Swing$$anon$5
scala.swing.Swing$$anon$6
scala.swing.Swing$$anon$7
scala.swing.Swing$$anon$8
scala.swing.Swing$$anon$9
scala.swing.Swing$Embossing
scala.swing.Swing$EmptyIcon$
scala.swing.Swing$Lowered$
scala.swing.Swing$Raised$
scala.swing.SwingApplication
scala.swing.SwingApplication$$anonfun$main$1
scala.swing.TabbedPane
scala.swing.TabbedPane$
scala.swing.TabbedPane$$anon$1
scala.swing.TabbedPane$Layout$
scala.swing.TabbedPane$Page
scala.swing.TabbedPane$pages$
scala.swing.TabbedPane$selection$
scala.swing.TabbedPane$selection$$anon$2
scala.swing.Table
scala.swing.Table$
scala.swing.Table$$anon$2
scala.swing.Table$$anon$2$$anon$10
scala.swing.Table$$anon$3
scala.swing.Table$$anon$4
scala.swing.Table$$anon$5
scala.swing.Table$$anon$6
scala.swing.Table$AbstractRenderer
scala.swing.Table$AutoResizeMode$
scala.swing.Table$ElementMode$
scala.swing.Table$IntervalMode$
scala.swing.Table$JTableMixin
scala.swing.Table$LabelRenderer
scala.swing.Table$LabelRenderer$$anonfun$$lessinit$greater$1
scala.swing.Table$Renderer
scala.swing.Table$Renderer$$anon$9
scala.swing.Table$selection$
scala.swing.Table$selection$$anon$1
scala.swing.Table$selection$$anon$1$$anonfun$$lessinit$greater$4
scala.swing.Table$selection$$anon$1$$anonfun$$lessinit$greater$4$$anonfun$apply$1
scala.swing.Table$selection$$anon$1$$anonfun$$lessinit$greater$4$$anonfun$apply$1$$anonfun$apply$2
scala.swing.Table$selection$$anon$7
scala.swing.Table$selection$$anon$8
scala.swing.Table$selection$SelectionSet
scala.swing.Table$selection$columns$
scala.swing.Table$selection$columns$$anonfun$$lessinit$greater$3
scala.swing.Table$selection$rows$
scala.swing.Table$selection$rows$$anonfun$$lessinit$greater$2
scala.swing.TextArea
scala.swing.TextArea$$anon$1
scala.swing.TextComponent
scala.swing.TextComponent$
scala.swing.TextComponent$$anon$1
scala.swing.TextComponent$$anon$3
scala.swing.TextComponent$Caret
scala.swing.TextComponent$Caret$$anon$2
scala.swing.TextComponent$HasColumns
scala.swing.TextComponent$HasRows
scala.swing.TextComponent$caret$
scala.swing.TextField
scala.swing.TextField$$anon$1
scala.swing.TextField$$anon$2